<?xml version="1.0" encoding="UTF-8"?>
<!-- Generated by org.testng.reporters.JUnitXMLReporter -->
<testsuite ignored="1" hostname="DESKTOP-FQUCIH5" failures="0" tests="1" name="Default test" time="9.633" errors="0" timestamp="2024-02-24T03:07:54 IST">
  <testcase classname="Selenium.Selenium.Tables" name="printAllLinks" time="7.739"/>
  <testcase classname="Selenium.Selenium.Tables" name="printTable" time="0.0">
    <ignored/>
  </testcase> <!-- printTable -->
</testsuite> <!-- Default test -->
